<?xml version="1.0" encoding="UTF-8"?>
<testsuite xmlns:xsi="http://www.w3.org/2001/XMLSchema-instance" xsi:schemaLocation="https://maven.apache.org/surefire/maven-surefire-plugin/xsd/surefire-test-report.xsd" name="com.makotojava.learn.odot.dao.ItemDaoTest$ItemDaoOptimisticScenariosTest" time="6.503" tests="8" errors="0" skipped="0" failures="0">
  <properties>
[...]
</properties>
  <testcase name="testUpdate" classname="com.makotojava.learn.odot.dao.ItemDaoTest$ItemDaoOptimisticScenariosTest" time="0.58"/>
  <testcase name="testUpdate" classname="com.makotojava.learn.odot.dao.ItemDaoTest$ItemDaoOptimisticScenariosTest$ItemDaoOptimisticUpdateWithCategoryScenariosTest" time="0.577"/>
  <testcase name="testDelete" classname="com.makotojava.learn.odot.dao.ItemDaoTest$ItemDaoOptimisticScenariosTest" time="0.557"/>
  <testcase name="testFindById" classname="com.makotojava.learn.odot.dao.ItemDaoTest$ItemDaoOptimisticScenariosTest" time="0.602"/>
  <testcase name="testAdd" classname="com.makotojava.learn.odot.dao.ItemDaoTest$ItemDaoOptimisticScenariosTest" time="0.532"/>
  <testcase name="testAdd" classname="com.makotojava.learn.odot.dao.ItemDaoTest$ItemDaoOptimisticScenariosTest$ItemDaoOptimisticAddWithCategoryScenariosTest" time="0.548"/>
  <testcase name="testFindAll" classname="com.makotojava.learn.odot.dao.ItemDaoTest$ItemDaoOptimisticScenariosTest" time="0.562"/>
  <testcase name="testFindByDescription" classname="com.makotojava.learn.odot.dao.ItemDaoTest$ItemDaoOptimisticScenariosTest" time="0.577"/>
</testsuite>